<?xml version="1.0" encoding="UTF-8"?>
<Site BuildName="(empty)"
	BuildStamp="20240530-1156-Experimental"
	Name="andy-Legion-5-Pro-16ITH6"
	Generator="ctest-3.16.3"
	CompilerName="/usr/bin/c++"
	CompilerVersion="9.4.0"
	OSName="Linux"
	Hostname="andy-Legion-5-Pro-16ITH6"
	OSRelease="5.15.0-107-generic"
	OSVersion="#117~20.04.1-Ubuntu SMP Tue Apr 30 10:35:57 UTC 2024"
	OSPlatform="x86_64"
	Is64Bits="1"
	VendorString="GenuineIntel"
	VendorID="Intel Corporation"
	FamilyID="6"
	ModelID="141"
	ProcessorCacheSize="24576"
	NumberOfLogicalCPU="16"
	NumberOfPhysicalCPU="8"
	TotalVirtualMemory="2047"
	TotalPhysicalMemory="15837"
	LogicalProcessorsPerPhysical="2"
	ProcessorClockFrequency="4132.65"
	>
	<Testing>
		<StartDateTime>May 30 06:56 -05</StartDateTime>
		<StartTestTime>1717070195</StartTestTime>
		<TestList/>
		<EndDateTime>May 30 06:56 -05</EndDateTime>
		<EndTestTime>1717070195</EndTestTime>
		<ElapsedMinutes>0</ElapsedMinutes>
	</Testing>
</Site>
